INFO:     Will watch for changes in these directories: ['C:\\Abhijit\\personal\\devineBot\\fitgevity\\backend']
INFO:     Uvicorn running on http://0.0.0.0:8000 (Press CTRL+C to quit)
INFO:     Started reloader process [12532] using StatReload
INFO:     Started server process [23308]
INFO:     Waiting for application startup.
ERROR:    Traceback (most recent call last):
  File "C:\Abhijit\personal\devineBot\fitgevity\backend\.venv\Lib\site-packages\starlette\routing.py", line 732, in lifespan
    async with self.lifespan_context(app) as maybe_state:
               ^^^^^^^^^^^^^^^^^^^^^^^^^^
  File "C:\Abhijit\personal\devineBot\fitgevity\backend\.venv\Lib\site-packages\starlette\routing.py", line 608, in __aenter__
    await self._router.startup()
  File "C:\Abhijit\personal\devineBot\fitgevity\backend\.venv\Lib\site-packages\starlette\routing.py", line 709, in startup
    await handler()
  File "C:\Abhijit\personal\devineBot\fitgevity\backend\server.py", line 164, in startup
    await db.users.create_index("email", unique=True)
  File "C:\Users\AbhijitGhosh\miniforge3\Lib\concurrent\futures\thread.py", line 59, in run
    result = self.fn(*self.args, **self.kwargs)
             ^^^^^^^^^^^^^^^^^^^^^^^^^^^^^^^^^^
  File "C:\Abhijit\personal\devineBot\fitgevity\backend\.venv\Lib\site-packages\pymongo\collection.py", line 2136, in create_index
    return self.__create_indexes([index], session, **cmd_options)[0]
           ^^^^^^^^^^^^^^^^^^^^^^^^^^^^^^^^^^^^^^^^^^^^^^^^^^^^^^
  File "C:\Abhijit\personal\devineBot\fitgevity\backend\.venv\Lib\site-packages\pymongo\_csot.py", line 107, in csot_wrapper
    return func(self, *args, **kwargs)
           ^^^^^^^^^^^^^^^^^^^^^^^^^^^
  File "C:\Abhijit\personal\devineBot\fitgevity\backend\.venv\Lib\site-packages\pymongo\collection.py", line 1988, in __create_indexes
    with self._conn_for_writes(session) as conn:
         ^^^^^^^^^^^^^^^^^^^^^^^^^^^^^^
  File "C:\Abhijit\personal\devineBot\fitgevity\backend\.venv\Lib\site-packages\pymongo\collection.py", line 263, in _conn_for_writes
    return self.__database.client._conn_for_writes(session)
           ^^^^^^^^^^^^^^^^^^^^^^^^^^^^^^^^^^^^^^^^^^^^^^^^
  File "C:\Abhijit\personal\devineBot\fitgevity\backend\.venv\Lib\site-packages\pymongo\mongo_client.py", line 1313, in _conn_for_writes
    server = self._select_server(writable_server_selector, session)
             ^^^^^^^^^^^^^^^^^^^^^^^^^^^^^^^^^^^^^^^^^^^^^^^^^^^^^^
  File "C:\Abhijit\personal\devineBot\fitgevity\backend\.venv\Lib\site-packages\pymongo\mongo_client.py", line 1303, in _select_server
    server = topology.select_server(server_selector)
             ^^^^^^^^^^^^^^^^^^^^^^^^^^^^^^^^^^^^^^^
  File "C:\Abhijit\personal\devineBot\fitgevity\backend\.venv\Lib\site-packages\pymongo\topology.py", line 302, in select_server
    server = self._select_server(selector, server_selection_timeout, address)
             ^^^^^^^^^^^^^^^^^^^^^^^^^^^^^^^^^^^^^^^^^^^^^^^^^^^^^^^^^^^^^^^^
  File "C:\Abhijit\personal\devineBot\fitgevity\backend\.venv\Lib\site-packages\pymongo\topology.py", line 286, in _select_server
    servers = self.select_servers(selector, server_selection_timeout, address)
              ^^^^^^^^^^^^^^^^^^^^^^^^^^^^^^^^^^^^^^^^^^^^^^^^^^^^^^^^^^^^^^^^
  File "C:\Abhijit\personal\devineBot\fitgevity\backend\.venv\Lib\site-packages\pymongo\topology.py", line 237, in select_servers
    server_descriptions = self._select_servers_loop(selector, server_timeout, address)
                          ^^^^^^^^^^^^^^^^^^^^^^^^^^^^^^^^^^^^^^^^^^^^^^^^^^^^^^^^^^^^
  File "C:\Abhijit\personal\devineBot\fitgevity\backend\.venv\Lib\site-packages\pymongo\topology.py", line 259, in _select_servers_loop
    raise ServerSelectionTimeoutError(
pymongo.errors.ServerSelectionTimeoutError: localhost:27017: [WinError 10061] No connection could be made because the target machine actively refused it (configured timeouts: socketTimeoutMS: 20000.0ms, connectTimeoutMS: 20000.0ms), Timeout: 30s, Topology Description: <TopologyDescription id: 6a3fc1085810d267133c50da, topology_type: Unknown, servers: [<ServerDescription ('localhost', 27017) server_type: Unknown, rtt: None, error=AutoReconnect('localhost:27017: [WinError 10061] No connection could be made because the target machine actively refused it (configured timeouts: socketTimeoutMS: 20000.0ms, connectTimeoutMS: 20000.0ms)')>]>

ERROR:    Application startup failed. Exiting.
